# JRE version: OpenJDK Runtime Environment (21.0.8) (build 21.0.8+-14196175-b1038.72)
# Java VM: OpenJDK 64-Bit Server VM (21.0.8+-14196175-b1038.72, mixed mode, tiered, compressed oops, compressed class ptrs, g1 gc, windows-amd64)
GC Precious Log:
 CardTable entry size: 512
 Card Set container configuration: InlinePtr #cards 5 size 8 Array Of Cards #cards 12 size 40 Howl #buckets 4 coarsen threshold 1843 Howl Bitmap #cards 512 size 80 coarsen threshold 460 Card regions per heap region 1 cards per card region 2048
 CPUs: 16 total, 16 available
 Memory: 127G
 Large Page Support: Disabled
 NUMA Support: Disabled
 Compressed Oops: Enabled (32-bit)
 Heap Region Size: 1M
 Heap Min Capacity: 256M
 Heap Initial Capacity: 256M
 Heap Max Capacity: 512M
 Pre-touch: Disabled
 Parallel Workers: 13
 Concurrent Workers: 3
 Concurrent Refinement Workers: 13
 Periodic GC: Disabled
Heap:
 garbage-first heap   total 262144K, used 57982K [0x00000000e0000000, 0x0000000100000000)
  region size 1024K, 48 young (49152K), 9 survivors (9216K)
 Metaspace       used 27902K, committed 28416K, reserved 393216K
  class space    used 3607K, committed 3840K, reserved 327680K
GC Heap History (8 events):
Event: 3.196 GC heap before
{Heap before GC invocations=0 (full 0):
 garbage-first heap   total 262144K, used 22528K [0x00000000e0000000, 0x0000000100000000)
  region size 1024K, 23 young (23552K), 0 survivors (0K)
 Metaspace       used 8118K, committed 8256K, reserved 393216K
  class space    used 746K, committed 832K, reserved 327680K
}
Event: 3.198 GC heap after
{Heap after GC invocations=1 (full 0):
 garbage-first heap   total 262144K, used 2394K [0x00000000e0000000, 0x0000000100000000)
  region size 1024K, 3 young (3072K), 3 survivors (3072K)
 Metaspace       used 8118K, committed 8256K, reserved 393216K
  class space    used 746K, committed 832K, reserved 327680K
}
Event: 4.913 GC heap before
{Heap before GC invocations=1 (full 0):
 garbage-first heap   total 262144K, used 41306K [0x00000000e0000000, 0x0000000100000000)
  region size 1024K, 39 young (39936K), 3 survivors (3072K)
 Metaspace       used 12421K, committed 12608K, reserved 393216K
  class space    used 1342K, committed 1408K, reserved 327680K
}
Event: 4.917 GC heap after
{Heap after GC invocations=2 (full 0):
 garbage-first heap   total 262144K, used 10272K [0x00000000e0000000, 0x0000000100000000)
  region size 1024K, 5 young (5120K), 5 survivors (5120K)
 Metaspace       used 12421K, committed 12608K, reserved 393216K
  class space    used 1342K, committed 1408K, reserved 327680K
}
Event: 5.726 GC heap before
{Heap before GC invocations=2 (full 0):
 garbage-first heap   total 262144K, used 62496K [0x00000000e0000000, 0x0000000100000000)
  region size 1024K, 54 young (55296K), 5 survivors (5120K)
 Metaspace       used 15209K, committed 15488K, reserved 393216K
  class space    used 1707K, committed 1856K, reserved 327680K
}
Event: 5.731 GC heap after
{Heap after GC invocations=3 (full 0):
 garbage-first heap   total 262144K, used 17758K [0x00000000e0000000, 0x0000000100000000)
  region size 1024K, 6 young (6144K), 6 survivors (6144K)
 Metaspace       used 15209K, committed 15488K, reserved 393216K
  class space    used 1707K, committed 1856K, reserved 327680K
}
Event: 6.210 GC heap before
{Heap before GC invocations=3 (full 0):
 garbage-first heap   total 262144K, used 39262K [0x00000000e0000000, 0x0000000100000000)
  region size 1024K, 28 young (28672K), 6 survivors (6144K)
 Metaspace       used 21192K, committed 21504K, reserved 393216K
  class space    used 2531K, committed 2688K, reserved 327680K
}
Event: 6.213 GC heap after
{Heap after GC invocations=4 (full 0):
 garbage-first heap   total 262144K, used 20094K [0x00000000e0000000, 0x0000000100000000)
  region size 1024K, 9 young (9216K), 9 survivors (9216K)
 Metaspace       used 21192K, committed 21504K, reserved 393216K
  class space    used 2531K, committed 2688K, reserved 327680K
}

